\BOOKMARK [0][-]{chapter.1}{General information}{}% 1
\BOOKMARK [1][-]{section.1.1}{Polar Satellite}{chapter.1}% 2
\BOOKMARK [2][-]{subsection.1.1.1}{Mission and abilities}{section.1.1}% 3
\BOOKMARK [2][-]{subsection.1.1.2}{Orbit}{section.1.1}% 4
\BOOKMARK [2][-]{subsection.1.1.3}{Technical properties}{section.1.1}% 5
\BOOKMARK [1][-]{section.1.2}{Ground Station}{chapter.1}% 6
\BOOKMARK [0][-]{chapter.2}{Tracking our satellite}{}% 7
\BOOKMARK [1][-]{section.2.1}{Connection windows}{chapter.2}% 8
\BOOKMARK [2][-]{subsection.2.1.1}{Largest window}{section.2.1}% 9
\BOOKMARK [2][-]{subsection.2.1.2}{Ground track on the largest window}{section.2.1}% 10
\BOOKMARK [2][-]{subsection.2.1.3}{Distance, azimuth and Doppler shift on the largest window}{section.2.1}% 11
\BOOKMARK [0][-]{chapter.3}{Link and Power budgets}{}% 12
\BOOKMARK [1][-]{section.3.1}{Link Budget}{chapter.3}% 13
\BOOKMARK [2][-]{subsection.3.1.1}{Data bit rate and symbol rate}{section.3.1}% 14
\BOOKMARK [2][-]{subsection.3.1.2}{Required Bandwidth}{section.3.1}% 15
\BOOKMARK [2][-]{subsection.3.1.3}{Required SNR}{section.3.1}% 16
\BOOKMARK [2][-]{subsection.3.1.4}{Receiver and noise}{section.3.1}% 17
\BOOKMARK [2][-]{subsection.3.1.5}{Required signal powers}{section.3.1}% 18
\BOOKMARK [2][-]{subsection.3.1.6}{Required EIRP in worst case scenario}{section.3.1}% 19
\BOOKMARK [2][-]{subsection.3.1.7}{Design a transmitter with 30\045 efficiency and a matching dish antenna}{section.3.1}% 20
\BOOKMARK [1][-]{section.3.2}{Summary table}{chapter.3}% 21
\BOOKMARK [1][-]{section.3.3}{Power Budget}{chapter.3}% 22
\BOOKMARK [2][-]{subsection.3.3.1}{Battery capacity and solar cell area}{section.3.3}% 23
